#
# A fatal error has been detected by the Java Runtime Environment:
#
#  EXCEPTION_ACCESS_VIOLATION (0xc0000005) at pc=0x653dbb08, pid=13832, tid=0x00003d74
#
# JRE version: Java(TM) SE Runtime Environment (8.0_101-b13) (build 1.8.0_101-b13)
# Java VM: Java HotSpot(TM) Client VM (25.101-b13 mixed mode windows-x86 )
# Problematic frame:
# V  [jvm.dll+0xcbb08]
#
# Failed to write core dump. Minidumps are not enabled by default on client versions of Windows
#
# If you would like to submit a bug report, please visit:
#   http://bugreport.java.com/bugreport/crash.jsp
#

---------------  T H R E A D  ---------------

Current thread (0x14899800):  JavaThread "JDWP Transport Listener: dt_socket" daemon [_thread_in_vm, id=15732, stack(0x14e70000,0x14ec0000)]

siginfo: ExceptionCode=0xc0000005, reading address 0x3520351c

Registers:
EAX=0x77656956, EBX=0x00000000, ECX=0x77656956, EDX=0x00000000
ESP=0x14ebf958, EBP=0x14ebf95c, ESI=0x3520351c, EDI=0x0077d0d0
EIP=0x653dbb08, EFLAGS=0x00010202

Top of Stack: (sp=0x14ebf958)
0x14ebf958:   14899800 14ebf984 65539754 77656956
0x14ebf968:   14ebfa3c 14ebf9bf 14899800 00000000
0x14ebf978:   00000000 00000000 14899800 14ebf9c0
0x14ebf988:   6cb89f80 0077d0d0 77656956 14ebf9bf
0x14ebf998:   77656956 6cb7436d 77656956 14ebf9bf
0x14ebf9a8:   0000000c 00000000 00000000 00000001
0x14ebf9b8:   00000000 00837ab0 14ebf9e0 6cb744e0
0x14ebf9c8:   00000001 14ebf9fc 14ebfa38 1789aad0 

Instructions: (pc=0x653dbb08)
0x653dbae8:   cc cc cc cc cc cc cc cc 55 8b ec 8b 45 08 85 c0
0x653dbaf8:   75 02 5d c3 56 8b 30 85 f6 74 17 83 fe 37 74 12
0x653dbb08:   8b 06 8b 50 08 8b ce ff d2 84 c0 74 05 8b c6 5e
0x653dbb18:   5d c3 33 c0 5e 5d c3 cc 55 8b ec 8b 45 08 8b 40 


Register to memory mapping:

EAX=0x77656956 is an unknown value
EBX=0x00000000 is an unknown value
ECX=0x77656956 is an unknown value
EDX=0x00000000 is an unknown value
ESP=0x14ebf958 is pointing into the stack for thread: 0x14899800
EBP=0x14ebf95c is pointing into the stack for thread: 0x14899800
ESI=0x3520351c is an unknown value
EDI=0x0077d0d0 is an unknown value


Stack: [0x14e70000,0x14ec0000],  sp=0x14ebf958,  free space=318k
Native frames: (J=compiled Java code, j=interpreted, Vv=VM code, C=native code)
V  [jvm.dll+0xcbb08]
V  [jvm.dll+0x229754]
C  [jdwp.dll+0x19f80]
C  [jdwp.dll+0x44e0]
C  [jdwp.dll+0x451e]
C  0x6f617473


---------------  P R O C E S S  ---------------

Java Threads: ( => current thread )
  0x174c9000 JavaThread "Abandoned connection cleanup thread" daemon [_thread_blocked, id=15584, stack(0x186f0000,0x18740000)]
  0x174cbc00 JavaThread "Tomcat JDBC Pool Cleaner[11840194:1511735885093]" daemon [_thread_blocked, id=14480, stack(0x18660000,0x186b0000)]
  0x1725c400 JavaThread "container-0" [_thread_blocked, id=14704, stack(0x185d0000,0x18620000)]
  0x1725d400 JavaThread "ContainerBackgroundProcessor[StandardEngine[Tomcat]]" daemon [_thread_blocked, id=17172, stack(0x18540000,0x18590000)]
  0x15fae800 JavaThread "restartedMain" [_thread_blocked, id=11500, stack(0x169c0000,0x16a10000)]
  0x15fae000 JavaThread "Thread-2" [_thread_blocked, id=7784, stack(0x16930000,0x16980000)]
  0x15e54800 JavaThread "JMX server connection timeout 18" daemon [_thread_blocked, id=16712, stack(0x167a0000,0x167f0000)]
  0x15e58000 JavaThread "RMI TCP Connection(2)-127.0.0.1" daemon [_thread_in_native, id=10276, stack(0x16710000,0x16760000)]
  0x15e50c00 JavaThread "RMI Scheduler(0)" daemon [_thread_blocked, id=5412, stack(0x16680000,0x166d0000)]
  0x15777000 JavaThread "RMI TCP Accept-0" daemon [_thread_in_native, id=3420, stack(0x159d0000,0x15a20000)]
  0x15709c00 JavaThread "RMI TCP Accept-50879" daemon [_thread_in_native, id=14008, stack(0x15940000,0x15990000)]
  0x15708c00 JavaThread "RMI TCP Accept-0" daemon [_thread_in_native, id=6120, stack(0x158b0000,0x15900000)]
  0x148cd000 JavaThread "Service Thread" daemon [_thread_blocked, id=11632, stack(0x15420000,0x15470000)]
  0x148a9000 JavaThread "C1 CompilerThread0" daemon [_thread_blocked, id=11216, stack(0x15390000,0x153e0000)]
  0x148a1400 JavaThread "JDWP Command Reader" daemon [_thread_in_native, id=13184, stack(0x15300000,0x15350000)]
  0x148a0000 JavaThread "JDWP Event Helper Thread" daemon [_thread_blocked, id=11296, stack(0x14f00000,0x14f50000)]
=>0x14899800 JavaThread "JDWP Transport Listener: dt_socket" daemon [_thread_in_vm, id=15732, stack(0x14e70000,0x14ec0000)]
  0x14889c00 JavaThread "Attach Listener" daemon [_thread_blocked, id=16924, stack(0x14de0000,0x14e30000)]
  0x14889000 JavaThread "Signal Dispatcher" daemon [_thread_blocked, id=3700, stack(0x14d50000,0x14da0000)]
  0x1487dc00 JavaThread "Finalizer" daemon [_thread_blocked, id=3716, stack(0x14b30000,0x14b80000)]
  0x14868000 JavaThread "Reference Handler" daemon [_thread_blocked, id=2600, stack(0x14aa0000,0x14af0000)]
  0x02202800 JavaThread "main" [_thread_blocked, id=8572, stack(0x02130000,0x02180000)]

Other Threads:
  0x14862400 VMThread [stack: 0x04390000,0x043e0000] [id=11580]
  0x1577e000 WatcherThread [stack: 0x15b60000,0x15bb0000] [id=16184]

VM state:not at safepoint (normal execution)

VM Mutex/Monitor currently owned by a thread: None

Heap:
 def new generation   total 13760K, used 3293K [0x04400000, 0x052e0000, 0x09950000)
  eden space 12288K,  16% used [0x04400000, 0x045f7758, 0x05000000)
  from space 1472K,  86% used [0x05000000, 0x0513fcd8, 0x05170000)
  to   space 1472K,   0% used [0x05170000, 0x05170000, 0x052e0000)
 tenured generation   total 30420K, used 26782K [0x09950000, 0x0b705000, 0x14400000)
   the space 30420K,  88% used [0x09950000, 0x0b377838, 0x0b377a00, 0x0b705000)
 Metaspace       used 27687K, capacity 27979K, committed 28160K, reserved 29056K

Card table byte_map: [0x04300000,0x04390000] byte_map_base: 0x042de000

Polling page: 0x00270000

CodeCache: size=32768Kb used=4185Kb max_used=4446Kb free=28582Kb
 bounds [0x02300000, 0x02760000, 0x04300000]
 total_blobs=2352 nmethods=2147 adapters=142
 compilation: enabled

Compilation events (10 events):
Event: 84.162 Thread 0x148a9000 2406             java.rmi.server.RMIClassLoader$2::getClassAnnotation (5 bytes)
Event: 84.163 Thread 0x148a9000 nmethod 2406 0x024062c8 code [0x024063c0, 0x0240645c]
Event: 87.345 Thread 0x148a9000 2407             java.io.ObjectInputStream$BlockDataInputStream::peekByte (20 bytes)
Event: 87.346 Thread 0x148a9000 nmethod 2407 0x024078c8 code [0x024079e0, 0x02407af8]
Event: 87.348 Thread 0x148a9000 2408             java.io.ObjectInputStream$BlockDataInputStream::peek (55 bytes)
Event: 87.350 Thread 0x148a9000 nmethod 2408 0x02401808 code [0x02401920, 0x02401a68]
Event: 91.309 Thread 0x148a9000 2409             sun.misc.MetaIndex::mayContain (51 bytes)
Event: 91.309 Thread 0x148a9000 nmethod 2409 0x02408148 code [0x02408270, 0x024083f8]
Event: 92.557 Thread 0x148a9000 2410             java.io.Bits::putLong (86 bytes)
Event: 92.557 Thread 0x148a9000 nmethod 2410 0x023f0748 code [0x023f0840, 0x023f0a20]

GC Heap History (10 events):
Event: 8.827 GC heap before
{Heap before GC invocations=110 (full 3):
 def new generation   total 13760K, used 13359K [0x04400000, 0x052e0000, 0x09950000)
  eden space 12288K, 100% used [0x04400000, 0x05000000, 0x05000000)
  from space 1472K,  72% used [0x05170000, 0x0527bf38, 0x052e0000)
  to   space 1472K,   0% used [0x05000000, 0x05000000, 0x05170000)
 tenured generation   total 30420K, used 24671K [0x09950000, 0x0b705000, 0x14400000)
   the space 30420K,  81% used [0x09950000, 0x0b167e80, 0x0b168000, 0x0b705000)
 Metaspace       used 26623K, capacity 26907K, committed 27136K, reserved 28032K
Event: 8.833 GC heap after
Heap after GC invocations=111 (full 3):
 def new generation   total 13760K, used 1119K [0x04400000, 0x052e0000, 0x09950000)
  eden space 12288K,   0% used [0x04400000, 0x04400000, 0x05000000)
  from space 1472K,  76% used [0x05000000, 0x05117e70, 0x05170000)
  to   space 1472K,   0% used [0x05170000, 0x05170000, 0x052e0000)
 tenured generation   total 30420K, used 25218K [0x09950000, 0x0b705000, 0x14400000)
   the space 30420K,  82% used [0x09950000, 0x0b1f0b00, 0x0b1f0c00, 0x0b705000)
 Metaspace       used 26623K, capacity 26907K, committed 27136K, reserved 28032K
}
Event: 8.968 GC heap before
{Heap before GC invocations=111 (full 3):
 def new generation   total 13760K, used 13407K [0x04400000, 0x052e0000, 0x09950000)
  eden space 12288K, 100% used [0x04400000, 0x05000000, 0x05000000)
  from space 1472K,  76% used [0x05000000, 0x05117e70, 0x05170000)
  to   space 1472K,   0% used [0x05170000, 0x05170000, 0x052e0000)
 tenured generation   total 30420K, used 25218K [0x09950000, 0x0b705000, 0x14400000)
   the space 30420K,  82% used [0x09950000, 0x0b1f0b00, 0x0b1f0c00, 0x0b705000)
 Metaspace       used 26765K, capacity 27078K, committed 27264K, reserved 28032K
Event: 8.973 GC heap after
Heap after GC invocations=112 (full 3):
 def new generation   total 13760K, used 571K [0x04400000, 0x052e0000, 0x09950000)
  eden space 12288K,   0% used [0x04400000, 0x04400000, 0x05000000)
  from space 1472K,  38% used [0x05170000, 0x051fed90, 0x052e0000)
  to   space 1472K,   0% used [0x05000000, 0x05000000, 0x05170000)
 tenured generation   total 30420K, used 26020K [0x09950000, 0x0b705000, 0x14400000)
   the space 30420K,  85% used [0x09950000, 0x0b2b9268, 0x0b2b9400, 0x0b705000)
 Metaspace       used 26765K, capacity 27078K, committed 27264K, reserved 28032K
}
Event: 9.100 GC heap before
{Heap before GC invocations=112 (full 3):
 def new generation   total 13760K, used 12859K [0x04400000, 0x052e0000, 0x09950000)
  eden space 12288K, 100% used [0x04400000, 0x05000000, 0x05000000)
  from space 1472K,  38% used [0x05170000, 0x051fed90, 0x052e0000)
  to   space 1472K,   0% used [0x05000000, 0x05000000, 0x05170000)
 tenured generation   total 30420K, used 26020K [0x09950000, 0x0b705000, 0x14400000)
   the space 30420K,  85% used [0x09950000, 0x0b2b9268, 0x0b2b9400, 0x0b705000)
 Metaspace       used 26881K, capacity 27176K, committed 27392K, reserved 28032K
Event: 9.104 GC heap after
Heap after GC invocations=113 (full 3):
 def new generation   total 13760K, used 931K [0x04400000, 0x052e0000, 0x09950000)
  eden space 12288K,   0% used [0x04400000, 0x04400000, 0x05000000)
  from space 1472K,  63% used [0x05000000, 0x050e8f18, 0x05170000)
  to   space 1472K,   0% used [0x05170000, 0x05170000, 0x052e0000)
 tenured generation   total 30420K, used 26020K [0x09950000, 0x0b705000, 0x14400000)
   the space 30420K,  85% used [0x09950000, 0x0b2b9268, 0x0b2b9400, 0x0b705000)
 Metaspace       used 26881K, capacity 27176K, committed 27392K, reserved 28032K
}
Event: 9.230 GC heap before
{Heap before GC invocations=113 (full 3):
 def new generation   total 13760K, used 13219K [0x04400000, 0x052e0000, 0x09950000)
  eden space 12288K, 100% used [0x04400000, 0x05000000, 0x05000000)
  from space 1472K,  63% used [0x05000000, 0x050e8f18, 0x05170000)
  to   space 1472K,   0% used [0x05170000, 0x05170000, 0x052e0000)
 tenured generation   total 30420K, used 26020K [0x09950000, 0x0b705000, 0x14400000)
   the space 30420K,  85% used [0x09950000, 0x0b2b9268, 0x0b2b9400, 0x0b705000)
 Metaspace       used 27090K, capacity 27405K, committed 27520K, reserved 28032K
Event: 9.234 GC heap after
Heap after GC invocations=114 (full 3):
 def new generation   total 13760K, used 976K [0x04400000, 0x052e0000, 0x09950000)
  eden space 12288K,   0% used [0x04400000, 0x04400000, 0x05000000)
  from space 1472K,  66% used [0x05170000, 0x052643d8, 0x052e0000)
  to   space 1472K,   0% used [0x05000000, 0x05000000, 0x05170000)
 tenured generation   total 30420K, used 26430K [0x09950000, 0x0b705000, 0x14400000)
   the space 30420K,  86% used [0x09950000, 0x0b31f850, 0x0b31fa00, 0x0b705000)
 Metaspace       used 27090K, capacity 27405K, committed 27520K, reserved 28032K
}
Event: 40.737 GC heap before
{Heap before GC invocations=114 (full 3):
 def new generation   total 13760K, used 13264K [0x04400000, 0x052e0000, 0x09950000)
  eden space 12288K, 100% used [0x04400000, 0x05000000, 0x05000000)
  from space 1472K,  66% used [0x05170000, 0x052643d8, 0x052e0000)
  to   space 1472K,   0% used [0x05000000, 0x05000000, 0x05170000)
 tenured generation   total 30420K, used 26430K [0x09950000, 0x0b705000, 0x14400000)
   the space 30420K,  86% used [0x09950000, 0x0b31f850, 0x0b31fa00, 0x0b705000)
 Metaspace       used 27665K, capacity 27964K, committed 28160K, reserved 29056K
Event: 40.759 GC heap after
Heap after GC invocations=115 (full 3):
 def new generation   total 13760K, used 1279K [0x04400000, 0x052e0000, 0x09950000)
  eden space 12288K,   0% used [0x04400000, 0x04400000, 0x05000000)
  from space 1472K,  86% used [0x05000000, 0x0513fcd8, 0x05170000)
  to   space 1472K,   0% used [0x05170000, 0x05170000, 0x052e0000)
 tenured generation   total 30420K, used 26782K [0x09950000, 0x0b705000, 0x14400000)
   the space 30420K,  88% used [0x09950000, 0x0b377838, 0x0b377a00, 0x0b705000)
 Metaspace       used 27665K, capacity 27964K, committed 28160K, reserved 29056K
}

Deoptimization events (0 events):
No events

Internal exceptions (10 events):
Event: 9.272 Thread 0x15fae800 Exception <a 'java/lang/ClassNotFoundException': org/springframework/transaction/support/ResourceTransactionManagerCustomizer> (0x0472cd78) thrown at [C:\re\workspace\8-2-build-windows-i586-cygwin\jdk8u101\7261\hotspot\src\share\vm\classfile\systemDictiona“$;˜W2
Event: 9.273 Thread 0x15fae800 Exception <a 'java/lang/ClassNotFoundException': org/springframework/beans/factory/BeanFactoryAwareCustomizer> (0x047417b0) thrown at [C:\re\workspace\8-2-build-windows-i586-cygwin\jdk8u101\7261\hotspot\src\share\vm\classfile\systemDictionary.cpp, line 210ùl«ıÁã"@
Event: 9.273 Thread 0x15fae800 Exception <a 'java/lang/ClassNotFoundException': org/springframework/beans/factory/InitializingBeanCustomizer> (0x047563d0) thrown at [C:\re\workspace\8-2-build-windows-i586-cygwin\jdk8u101\7261\hotspot\src\share\vm\classfile\systemDictionary.cpp, line 210GΩ0J3å"@
Event: 9.274 Thread 0x15fae800 Exception <a 'java/lang/ClassNotFoundException': org/springframework/transaction/PlatformTransactionManagerCustomizer> (0x0476be88) thrown at [C:\re\workspace\8-2-build-windows-i586-cygwin\jdk8u101\7261\hotspot\src\share\vm\classfile\systemDictionary.cpp, Nªobå"@
Event: 9.274 Thread 0x15fae800 Exception <a 'java/lang/ClassNotFoundException': java/io/SerializableCustomizer> (0x047753e0) thrown at [C:\re\workspace\8-2-build-windows-i586-cygwin\jdk8u101\7261\hotspot\src\share\vm\classfile\systemDictionary.cpp, line 210]
Event: 9.329 Thread 0x15fae800 Exception <a 'java/lang/ArrayIndexOutOfBoundsException'> (0x04c2ead8) thrown at [C:\re\workspace\8-2-build-windows-i586-cygwin\jdk8u101\7261\hotspot\src\share\vm\runtime\sharedRuntime.cpp, line 605]
Event: 9.347 Thread 0x15fae800 Exception <a 'java/lang/ArrayIndexOutOfBoundsException'> (0x04d832f8) thrown at [C:\re\workspace\8-2-build-windows-i586-cygwin\jdk8u101\7261\hotspot\src\share\vm\runtime\sharedRuntime.cpp, line 605]
Event: 9.574 Thread 0x15fae800 Exception <a 'java/lang/ArrayIndexOutOfBoundsException'> (0x04ec1c18) thrown at [C:\re\workspace\8-2-build-windows-i586-cygwin\jdk8u101\7261\hotspot\src\share\vm\runtime\sharedRuntime.cpp, line 605]
Event: 9.730 Thread 0x15e58000 Exception <a 'java/lang/reflect/InvocationTargetException'> (0x04ed6838) thrown at [C:\re\workspace\8-2-build-windows-i586-cygwin\jdk8u101\7261\hotspot\src\share\vm\runtime\reflection.cpp, line 1092]
Event: 10.236 Thread 0x15e58000 Exception <a 'java/lang/reflect/InvocationTargetException'> (0x04edf748) thrown at [C:\re\workspace\8-2-build-windows-i586-cygwin\jdk8u101\7261\hotspot\src\share\vm\runtime\reflection.cpp, line 1092]

Events (10 events):
Event: 92.557 Thread 0x148a9000 flushing nmethod 0x02413948
Event: 92.557 Thread 0x148a9000 flushing nmethod 0x02413b88
Event: 92.557 Thread 0x148a9000 flushing nmethod 0x02414148
Event: 92.557 Thread 0x148a9000 flushing nmethod 0x02414448
Event: 92.557 Thread 0x148a9000 flushing nmethod 0x02414648
Event: 92.557 Thread 0x148a9000 flushing nmethod 0x02414848
Event: 92.557 Thread 0x148a9000 flushing nmethod 0x02414b08
Event: 92.557 Thread 0x148a9000 flushing nmethod 0x02414d08
Event: 93.895 Executing VM operation: RedefineClasses
Event: 93.905 Executing VM operation: RedefineClasses done


Dynamic libraries:
0x00b80000 - 0x00bb3000 	C:\Program Files (x86)\Java\jre1.8.0_101\bin\javaw.exe
0x77770000 - 0x778fe000 	C:\WINDOWS\SYSTEM32\ntdll.dll
0x76ad0000 - 0x76ba0000 	C:\WINDOWS\System32\KERNEL32.DLL
0x74960000 - 0x74b22000 	C:\WINDOWS\System32\KERNELBASE.dll
0x76ef0000 - 0x76f67000 	C:\WINDOWS\System32\ADVAPI32.dll
0x74b30000 - 0x74bed000 	C:\WINDOWS\System32\msvcrt.dll
0x76de0000 - 0x76e21000 	C:\WINDOWS\System32\sechost.dll
0x776b0000 - 0x77770000 	C:\WINDOWS\System32\RPCRT4.dll
0x74240000 - 0x74260000 	C:\WINDOWS\System32\SspiCli.dll
0x74230000 - 0x7423a000 	C:\WINDOWS\System32\CRYPTBASE.dll
0x76e30000 - 0x76e87000 	C:\WINDOWS\System32\bcryptPrimitives.dll
0x766b0000 - 0x767ec000 	C:\WINDOWS\System32\USER32.dll
0x770f0000 - 0x77106000 	C:\WINDOWS\System32\win32u.dll
0x76da0000 - 0x76dc1000 	C:\WINDOWS\System32\GDI32.dll
0x76260000 - 0x763b8000 	C:\WINDOWS\System32\gdi32full.dll
0x74c00000 - 0x74c79000 	C:\WINDOWS\System32\msvcp_win.dll
0x76510000 - 0x76628000 	C:\WINDOWS\System32\ucrtbase.dll
0x73650000 - 0x7385e000 	C:\WINDOWS\WinSxS\x86_microsoft.windows.common-controls_6595b64144ccf1df_6.0.15063.483_none_6dad63fefc436da8\COMCTL32.dll
0x74cd0000 - 0x74f08000 	C:\WINDOWS\System32\combase.dll
0x76a00000 - 0x76a25000 	C:\WINDOWS\System32\IMM32.DLL
0x6cba0000 - 0x6cc5f000 	C:\Program Files (x86)\Java\jre1.8.0_101\bin\msvcr100.dll
0x65310000 - 0x656dc000 	C:\Program Files (x86)\Java\jre1.8.0_101\bin\client\jvm.dll
0x74930000 - 0x74936000 	C:\WINDOWS\System32\PSAPI.DLL
0x72fe0000 - 0x72fe8000 	C:\WINDOWS\SYSTEM32\WSOCK32.dll
0x76640000 - 0x766a7000 	C:\WINDOWS\System32\WS2_32.dll
0x71af0000 - 0x71b14000 	C:\WINDOWS\SYSTEM32\WINMM.dll
0x73f50000 - 0x73f58000 	C:\WINDOWS\SYSTEM32\VERSION.dll
0x71ac0000 - 0x71ae3000 	C:\WINDOWS\SYSTEM32\WINMMBASE.dll
0x767f0000 - 0x76829000 	C:\WINDOWS\System32\cfgmgr32.dll
0x65300000 - 0x6530c000 	C:\Program Files (x86)\Java\jre1.8.0_101\bin\verify.dll
0x652d0000 - 0x652f1000 	C:\Program Files (x86)\Java\jre1.8.0_101\bin\java.dll
0x6cb70000 - 0x6cb99000 	C:\Program Files (x86)\Java\jre1.8.0_101\bin\jdwp.dll
0x6cb60000 - 0x6cb67000 	C:\Program Files (x86)\Java\jre1.8.0_101\bin\npt.dll
0x652b0000 - 0x652c3000 	C:\Program Files (x86)\Java\jre1.8.0_101\bin\zip.dll
0x74f10000 - 0x76258000 	C:\WINDOWS\System32\SHELL32.dll
0x76ba0000 - 0x76c2c000 	C:\WINDOWS\System32\shcore.dll
0x77120000 - 0x776a7000 	C:\WINDOWS\System32\windows.storage.dll
0x769b0000 - 0x769f5000 	C:\WINDOWS\System32\shlwapi.dll
0x74260000 - 0x7426e000 	C:\WINDOWS\System32\kernel.appcore.dll
0x74c80000 - 0x74cc5000 	C:\WINDOWS\System32\powrprof.dll
0x74bf0000 - 0x74c00000 	C:\WINDOWS\System32\profapi.dll
0x6cb50000 - 0x6cb58000 	C:\Program Files (x86)\Java\jre1.8.0_101\bin\dt_socket.dll
0x73de0000 - 0x73df1000 	C:\WINDOWS\system32\napinsp.dll
0x73dc0000 - 0x73dd6000 	C:\WINDOWS\system32\pnrpnsp.dll
0x73da0000 - 0x73db3000 	C:\WINDOWS\system32\NLAapi.dll
0x73d50000 - 0x73d9e000 	C:\WINDOWS\System32\mswsock.dll
0x73cd0000 - 0x73d4f000 	C:\WINDOWS\SYSTEM32\DNSAPI.dll
0x76630000 - 0x76637000 	C:\WINDOWS\System32\NSI.dll
0x73ca0000 - 0x73ccf000 	C:\WINDOWS\SYSTEM32\IPHLPAPI.DLL
0x73c90000 - 0x73c9b000 	C:\WINDOWS\System32\winrnr.dll
0x73c80000 - 0x73c90000 	C:\WINDOWS\System32\wshbth.dll
0x73c50000 - 0x73c71000 	C:\Program Files (x86)\Bonjour\mdnsNSP.dll
0x696f0000 - 0x6973a000 	C:\WINDOWS\System32\fwpuclnt.dll
0x73f00000 - 0x73f18000 	C:\WINDOWS\SYSTEM32\bcrypt.dll
0x69760000 - 0x69768000 	C:\Windows\System32\rasadhlp.dll
0x6cb40000 - 0x6cb4a000 	C:\Program Files (x86)\Java\jre1.8.0_101\bin\management.dll
0x65290000 - 0x652a6000 	C:\Program Files (x86)\Java\jre1.8.0_101\bin\net.dll
0x65270000 - 0x6527f000 	C:\Program Files (x86)\Java\jre1.8.0_101\bin\nio.dll
0x72f60000 - 0x72f73000 	C:\WINDOWS\SYSTEM32\CRYPTSP.dll
0x72f30000 - 0x72f5f000 	C:\WINDOWS\system32\rsaenh.dll
0x73080000 - 0x730a2000 	C:\WINDOWS\SYSTEM32\USERENV.dll
0x6bea0000 - 0x6beb3000 	C:\WINDOWS\SYSTEM32\dhcpcsvc6.DLL
0x717a0000 - 0x717b4000 	C:\WINDOWS\SYSTEM32\dhcpcsvc.DLL
0x73f60000 - 0x740bd000 	C:\WINDOWS\SYSTEM32\dbghelp.dll

VM Arguments:
jvm_args: -agentlib:jdwp=transport=dt_socket,suspend=y,address=localhost:50880 -Dcom.sun.management.jmxremote -Dcom.sun.management.jmxremote.port=50879 -Dcom.sun.management.jmxremote.authenticate=false -Dcom.sun.management.jmxremote.ssl=false -Djava.rmi.server.hostname=localhost -Dspring.application.admin.enabled=true -Xverify:none -XX:TieredStopAtLevel=1 -Dfile.encoding=UTF-8 
java_command: com.gestaosimples.servico.ServicoApplication
java_class_path (initial): C:\gestao_simples\workspace\java\foodservice\target\classes;C:\gestao_simples\arquitetura\repository-maven-gestaosimples\org\springframework\boot\spring-boot-starter-web\1.5.6.RELEASE\spring-boot-starter-web-1.5.6.RELEASE.jar;C:\gestao_simples\arquitetura\repository-maven-gestaosimples\org\springframework\boot\spring-boot-starter\1.5.6.RELEASE\spring-boot-starter-1.5.6.RELEASE.jar;C:\gestao_simples\arquitetura\repository-maven-gestaosimples\org\springframework\boot\spring-boot-starter-logging\1.5.6.RELEASE\spring-boot-starter-logging-1.5.6.RELEASE.jar;C:\gestao_simples\arquitetura\repository-maven-gestaosimples\ch\qos\logback\logback-classic\1.1.11\logback-classic-1.1.11.jar;C:\gestao_simples\arquitetura\repository-maven-gestaosimples\ch\qos\logback\logback-core\1.1.11\logback-core-1.1.11.jar;C:\gestao_simples\arquitetura\repository-maven-gestaosimples\org\slf4j\jul-to-slf4j\1.7.25\jul-to-slf4j-1.7.25.jar;C:\gestao_simples\arquitetura\repository-maven-gestaosimples\org\slf4j\log4j-over-slf4j\1.7.25\log4j-over-slf4j-1.7.25.jar;C:\gestao_simples\arquitetura\repository-maven-gestaosimples\org\yaml\snakeyaml\1.17\snakeyaml-1.17.jar;C:\gestao_simples\arquitetura\repository-maven-gestaosimples\org\springframework\boot\spring-boot-starter-tomcat\1.5.6.RELEASE\spring-boot-starter-tomcat-1.5.6.RELEASE.jar;C:\gestao_simples\arquitetura\repository-maven-gestaosimples\org\apache\tomcat\embed\tomcat-embed-core\8.5.16\tomcat-embed-core-8.5.16.jar;C:\gestao_simples\arquitetura\repository-maven-gestaosimples\org\apache\tomcat\embed\tomcat-embed-el\8.5.16\tomcat-embed-el-8.5.16.jar;C:\gestao_simples\arquitetura\repository-maven-gestaosimples\org\apache\tomcat\embed\tomcat-embed-websocket\8.5.16\tomcat-embed-websocket-8.5.16.jar;C:\gestao_simples\arquitetura\repository-maven-gestaosimples\org\hibernate\hibernate-validator\5.3.5.Final\hibernate-validator-5.3.5.Final.jar;C:\gestao_simples\arquitetura\repository-maven-gestaosimples\javax\validation\validatio
Launcher Type: SUN_STANDARD

Environment Variables:
JAVA_HOME=C:\Program Files\Java\jdk1.8.0_121
PATH=C:/Program Files (x86)/Java/jre1.8.0_101/bin/client;C:/Program Files (x86)/Java/jre1.8.0_101/bin;C:/Program Files (x86)/Java/jre1.8.0_101/lib/i386;C:\ProgramData\Oracle\Java\javapath;C:\WINDOWS\system32;C:\WINDOWS;C:\WINDOWS\System32\Wbem;C:\WINDOWS\System32\WindowsPowerShell\v1.0\;C:\Program Files\Hewlett-Packard\SimplePass\;c:\Program Files\Intel\WiFi\bin\;c:\Program Files\Common Files\Intel\WirelessCommon\;C:\Program Files\TortoiseSVN\bin;C:\Program Files (x86)\Skype\Phone\;C:\Program Files\Git\cmd;C:\Program Files\nodejs\;C:\Android\sdk\TOOLS;C:\Android\sdk\TOOLS\BIN;C:\gestao_simples\arquitetura\maven\BIN;C:\Program Files\Java\jdk1.8.0_121\BIN;C:\Program Files\VDownloader;C:\Users\drodriguesa\AppData\Local\Microsoft\WindowsApps;C:\Users\drodriguesa\AppData\Roaming\npm;C:\Program Files (x86)\Microsoft VS Code\bin;;C:\gestao_simples\eclipse;
USERNAME=drodriguesa
OS=Windows_NT
PROCESSOR_IDENTIFIER=Intel64 Family 6 Model 78 Stepping 3, GenuineIntel



---------------  S Y S T E M  ---------------

OS: Windows 10.0 , 64 bit Build 15063 (10.0.15063.296)

CPU:total 4 (2 cores per cpu, 2 threads per core) family 6 model 78 stepping 3, cmov, cx8, fxsr, mmx, sse, sse2, sse3, ssse3, sse4.1, sse4.2, popcnt, avx, avx2, aes, clmul, erms, 3dnowpref, lzcnt, ht, tsc, tscinvbit, bmi1, bmi2, adx

Memory: 4k page, physical 8309760k(3956660k free), swap 9620480k(3010520k free)

vm_info: Java HotSpot(TM) Client VM (25.101-b13) for windows-x86 JRE (1.8.0_101-b13), built on Jun 22 2016 00:45:44 by "java_re" with MS VC++ 10.0 (VS2010)

time: Sun Nov 26 20:39:32 2017
elapsed time: 93 seconds (0d 0h 1m 33s)

